<?xml version="1.0" encoding="UTF-8"?>
<!-- Generated by org.testng.reporters.JUnitXMLReporter -->
<testsuite hostname="LAPTOP-TG5V08A8" ignored="0" name="edgetes" tests="1" failures="1" timestamp="21 Jun 2022 13:36:20 GMT" time="0.021" errors="0">
  <testcase name="tc1" time="0.018" classname="org.test2.B">
    <failure type="java.lang.NullPointerException">
      <![CDATA[java.lang.NullPointerException
at org.test2.B.tc1(B.java:28)
... Removed 25 stack frames]]>
    </failure>
  </testcase> <!-- tc1 -->
</testsuite> <!-- edgetes -->
