<?xml version="1.0" encoding="UTF-8"?>
<!-- Generated by org.testng.reporters.JUnitXMLReporter -->
<testsuite hostname="LAPTOP-TG5V08A8" ignored="0" name="Test" tests="13" failures="2" timestamp="22 Jun 2022 14:19:16 GMT" time="0.098" errors="0">
  <testcase name="tc1" time="0.015" classname="org.test2.A">
    <skipped/>
  </testcase> <!-- tc1 -->
  <testcase name="tc1" time="0.003" classname="org.test2.A">
    <skipped/>
  </testcase> <!-- tc1 -->
  <testcase name="tc1" time="0.002" classname="org.test2.A">
    <skipped/>
  </testcase> <!-- tc1 -->
  <testcase name="tc1" time="0.002" classname="org.test2.A">
    <skipped/>
  </testcase> <!-- tc1 -->
  <testcase name="tc1" time="0.002" classname="org.test2.A">
    <skipped/>
  </testcase> <!-- tc1 -->
  <testcase name="tc1" time="0.001" classname="org.test2.A">
    <failure type="java.lang.AssertionError" message="expected [true] but found [false]">
      <![CDATA[java.lang.AssertionError: expected [true] but found [false]
at org.test2.A.tc1(A.java:9)
... Removed 29 stack frames]]>
    </failure>
  </testcase> <!-- tc1 -->
  <testcase name="tc2" time="0.001" classname="org.test2.A">
    <skipped/>
  </testcase> <!-- tc2 -->
  <testcase name="tc2" time="0.002" classname="org.test2.A">
    <skipped/>
  </testcase> <!-- tc2 -->
  <testcase name="tc2" time="0.002" classname="org.test2.A">
    <skipped/>
  </testcase> <!-- tc2 -->
  <testcase name="tc2" time="0.001" classname="org.test2.A">
    <skipped/>
  </testcase> <!-- tc2 -->
  <testcase name="tc2" time="0.002" classname="org.test2.A">
    <skipped/>
  </testcase> <!-- tc2 -->
  <testcase name="tc2" time="0.001" classname="org.test2.A">
    <failure type="java.lang.AssertionError" message="expected [true] but found [false]">
      <![CDATA[java.lang.AssertionError: expected [true] but found [false]
at org.test2.A.tc2(A.java:15)
... Removed 29 stack frames]]>
    </failure>
  </testcase> <!-- tc2 -->
  <testcase name="tc3" time="0.001" classname="org.test2.A"/>
</testsuite> <!-- Test -->
